# JRE version: OpenJDK Runtime Environment Corretto-11.0.18.10.1 (11.0.18+10) (build 11.0.18+10-LTS)
# Java VM: OpenJDK 64-Bit Server VM Corretto-11.0.18.10.1 (11.0.18+10-LTS, mixed mode, tiered, compressed oops, g1 gc, linux-amd64)
Heap:
 garbage-first heap   total 222208K, used 29061K [0x00000000c3000000, 0x0000000100000000)
  region size 1024K, 2 young (2048K), 2 survivors (2048K)
 Metaspace       used 20471K, capacity 20856K, committed 21296K, reserved 1069056K
  class space    used 2152K, capacity 2315K, committed 2432K, reserved 1048576K
GC Heap History (20 events):
Event: 4.068 GC heap after
{Heap after GC invocations=6 (full 0):
 garbage-first heap   total 63488K, used 12101K [0x00000000c3000000, 0x0000000100000000)
  region size 1024K, 1 young (1024K), 1 survivors (1024K)
 Metaspace       used 20098K, capacity 20436K, committed 20736K, reserved 1067008K
  class space    used 2141K, capacity 2282K, committed 2304K, reserved 1048576K
}
Event: 4.104 GC heap before
{Heap before GC invocations=6 (full 0):
 garbage-first heap   total 63488K, used 14149K [0x00000000c3000000, 0x0000000100000000)
  region size 1024K, 3 young (3072K), 1 survivors (1024K)
 Metaspace       used 20115K, capacity 20436K, committed 20736K, reserved 1067008K
  class space    used 2141K, capacity 2282K, committed 2304K, reserved 1048576K
}
Event: 4.107 GC heap after
{Heap after GC invocations=7 (full 0):
 garbage-first heap   total 89088K, used 12105K [0x00000000c3000000, 0x0000000100000000)
  region size 1024K, 1 young (1024K), 1 survivors (1024K)
 Metaspace       used 20115K, capacity 20436K, committed 20736K, reserved 1067008K
  class space    used 2141K, capacity 2282K, committed 2304K, reserved 1048576K
}
Event: 4.161 GC heap before
{Heap before GC invocations=7 (full 0):
 garbage-first heap   total 89088K, used 15177K [0x00000000c3000000, 0x0000000100000000)
  region size 1024K, 4 young (4096K), 1 survivors (1024K)
 Metaspace       used 20127K, capacity 20500K, committed 20736K, reserved 1067008K
  class space    used 2141K, capacity 2282K, committed 2304K, reserved 1048576K
}
Event: 4.165 GC heap after
{Heap after GC invocations=8 (full 0):
 garbage-first heap   total 89088K, used 12727K [0x00000000c3000000, 0x0000000100000000)
  region size 1024K, 1 young (1024K), 1 survivors (1024K)
 Metaspace       used 20127K, capacity 20500K, committed 20736K, reserved 1067008K
  class space    used 2141K, capacity 2282K, committed 2304K, reserved 1048576K
}
Event: 4.298 GC heap before
{Heap before GC invocations=8 (full 0):
 garbage-first heap   total 89088K, used 15799K [0x00000000c3000000, 0x0000000100000000)
  region size 1024K, 4 young (4096K), 1 survivors (1024K)
 Metaspace       used 20140K, capacity 20565K, committed 20992K, reserved 1069056K
  class space    used 2141K, capacity 2282K, committed 2304K, reserved 1048576K
}
Event: 4.302 GC heap after
{Heap after GC invocations=9 (full 0):
 garbage-first heap   total 89088K, used 13098K [0x00000000c3000000, 0x0000000100000000)
  region size 1024K, 1 young (1024K), 1 survivors (1024K)
 Metaspace       used 20140K, capacity 20565K, committed 20992K, reserved 1069056K
  class space    used 2141K, capacity 2282K, committed 2304K, reserved 1048576K
}
Event: 4.364 GC heap before
{Heap before GC invocations=9 (full 0):
 garbage-first heap   total 89088K, used 16170K [0x00000000c3000000, 0x0000000100000000)
  region size 1024K, 4 young (4096K), 1 survivors (1024K)
 Metaspace       used 20148K, capacity 20565K, committed 20992K, reserved 1069056K
  class space    used 2141K, capacity 2282K, committed 2304K, reserved 1048576K
}
Event: 4.370 GC heap after
{Heap after GC invocations=10 (full 0):
 garbage-first heap   total 89088K, used 13188K [0x00000000c3000000, 0x0000000100000000)
  region size 1024K, 1 young (1024K), 1 survivors (1024K)
 Metaspace       used 20148K, capacity 20565K, committed 20992K, reserved 1069056K
  class space    used 2141K, capacity 2282K, committed 2304K, reserved 1048576K
}
Event: 4.458 GC heap before
{Heap before GC invocations=10 (full 0):
 garbage-first heap   total 89088K, used 16260K [0x00000000c3000000, 0x0000000100000000)
  region size 1024K, 4 young (4096K), 1 survivors (1024K)
 Metaspace       used 20222K, capacity 20661K, committed 21120K, reserved 1069056K
  class space    used 2148K, capacity 2314K, committed 2432K, reserved 1048576K
}
Event: 4.462 GC heap after
{Heap after GC invocations=11 (full 0):
 garbage-first heap   total 89088K, used 14163K [0x00000000c3000000, 0x0000000100000000)
  region size 1024K, 1 young (1024K), 1 survivors (1024K)
 Metaspace       used 20222K, capacity 20661K, committed 21120K, reserved 1069056K
  class space    used 2148K, capacity 2314K, committed 2432K, reserved 1048576K
}
Event: 4.529 GC heap before
{Heap before GC invocations=11 (full 0):
 garbage-first heap   total 89088K, used 17235K [0x00000000c3000000, 0x0000000100000000)
  region size 1024K, 4 young (4096K), 1 survivors (1024K)
 Metaspace       used 20260K, capacity 20664K, committed 21120K, reserved 1069056K
  class space    used 2148K, capacity 2315K, committed 2432K, reserved 1048576K
}
Event: 4.532 GC heap after
{Heap after GC invocations=12 (full 0):
 garbage-first heap   total 89088K, used 14360K [0x00000000c3000000, 0x0000000100000000)
  region size 1024K, 1 young (1024K), 1 survivors (1024K)
 Metaspace       used 20260K, capacity 20664K, committed 21120K, reserved 1069056K
  class space    used 2148K, capacity 2315K, committed 2432K, reserved 1048576K
}
Event: 4.949 GC heap before
{Heap before GC invocations=12 (full 0):
 garbage-first heap   total 89088K, used 30744K [0x00000000c3000000, 0x0000000100000000)
  region size 1024K, 17 young (17408K), 1 survivors (1024K)
 Metaspace       used 20440K, capacity 20856K, committed 21296K, reserved 1069056K
  class space    used 2151K, capacity 2315K, committed 2432K, reserved 1048576K
}
Event: 4.959 GC heap after
{Heap after GC invocations=13 (full 0):
 garbage-first heap   total 89088K, used 16681K [0x00000000c3000000, 0x0000000100000000)
  region size 1024K, 3 young (3072K), 3 survivors (3072K)
 Metaspace       used 20440K, capacity 20856K, committed 21296K, reserved 1069056K
  class space    used 2151K, capacity 2315K, committed 2432K, reserved 1048576K
}
Event: 5.283 GC heap before
{Heap before GC invocations=13 (full 0):
 garbage-first heap   total 89088K, used 43305K [0x00000000c3000000, 0x0000000100000000)
  region size 1024K, 29 young (29696K), 3 survivors (3072K)
 Metaspace       used 20449K, capacity 20856K, committed 21296K, reserved 1069056K
  class space    used 2151K, capacity 2315K, committed 2432K, reserved 1048576K
}
Event: 5.386 GC heap after
{Heap after GC invocations=14 (full 0):
 garbage-first heap   total 89088K, used 21905K [0x00000000c3000000, 0x0000000100000000)
  region size 1024K, 4 young (4096K), 4 survivors (4096K)
 Metaspace       used 20449K, capacity 20856K, committed 21296K, reserved 1069056K
  class space    used 2151K, capacity 2315K, committed 2432K, reserved 1048576K
}
Event: 5.820 GC heap before
{Heap before GC invocations=14 (full 0):
 garbage-first heap   total 89088K, used 47505K [0x00000000c3000000, 0x0000000100000000)
  region size 1024K, 29 young (29696K), 4 survivors (4096K)
 Metaspace       used 20451K, capacity 20856K, committed 21296K, reserved 1069056K
  class space    used 2151K, capacity 2315K, committed 2432K, reserved 1048576K
}
Event: 5.955 GC heap after
{Heap after GC invocations=15 (full 0):
 garbage-first heap   total 89088K, used 26444K [0x00000000c3000000, 0x0000000100000000)
  region size 1024K, 4 young (4096K), 4 survivors (4096K)
 Metaspace       used 20451K, capacity 20856K, committed 21296K, reserved 1069056K
  class space    used 2151K, capacity 2315K, committed 2432K, reserved 1048576K
}
Event: 6.394 GC heap before
{Heap before GC invocations=15 (full 0):
 garbage-first heap   total 89088K, used 36684K [0x00000000c3000000, 0x0000000100000000)
  region size 1024K, 15 young (15360K), 4 survivors (4096K)
 Metaspace       used 20471K, capacity 20856K, committed 21296K, reserved 1069056K
  class space    used 2152K, capacity 2315K, committed 2432K, reserved 1048576K
}

